[2025-03-16 08:10:11] defaults: {'n_estimators': 10, 'max_samples': 1.0, 'max_features': 1.0, 'bootstrap': True, 'random_state': 42, 'MSE_found': np.float64(776628936.298878), 'RMSE_found': np.float64(27868.06301663031)}
[2025-03-16 08:17:14] {'n_estimators': 100, 'max_samples': 1.0, 'max_features': 1.0, 'bootstrap': True, 'random_state': 42, 'MSE_found': np.float64(715036567.932443), 'param': 'n_estimators', 'part_name': '1.A', 'RMSE_found': np.float64(26740.16768706664)}
[2025-03-16 08:18:02] {'n_estimators': 100, 'max_samples': np.float64(1.0), 'max_features': 1.0, 'bootstrap': True, 'random_state': 42, 'MSE_found': np.float64(715036567.932443), 'param': 'max_samples', 'part_name': '1.A', 'RMSE_found': np.float64(26740.16768706664)}
[2025-03-16 08:22:54] {'n_estimators': 100, 'max_samples': np.float64(1.0), 'max_features': 33, 'bootstrap': True, 'random_state': 42, 'MSE_found': np.float64(681815732.3783168), 'param': 'max_features', 'part_name': '1.A', 'RMSE_found': np.float64(26111.60149011004)}
[2025-03-16 08:23:04] {'n_estimators': 100, 'max_samples': np.float64(1.0), 'max_features': 33, 'bootstrap': False, 'random_state': 42, 'MSE_found': np.float64(653778046.6264037), 'param': 'bootstrap', 'part_name': '1.A', 'RMSE_found': np.float64(25569.083804986123)}
[2025-03-16 08:26:08] {'n_estimators': 190, 'max_samples': np.float64(1.0), 'max_features': 33, 'bootstrap': False, 'random_state': 42, 'MSE_found': np.float64(642002674.1663398), 'param': 'n_estimators', 'part_name': '1.B', 'RMSE_found': np.float64(25337.771689048343)}
[2025-03-16 08:27:30] {'n_estimators': 190, 'max_samples': np.float64(1.0), 'max_features': 33, 'bootstrap': False, 'random_state': 42, 'MSE_found': np.float64(642002674.1663398), 'param': 'max_samples', 'part_name': '1.B', 'RMSE_found': np.float64(25337.771689048343)}
[2025-03-16 08:33:42] {'n_estimators': 190, 'max_samples': np.float64(1.0), 'max_features': 36, 'bootstrap': False, 'random_state': 42, 'MSE_found': np.float64(645776450.2609425), 'param': 'max_features', 'part_name': '1.B', 'RMSE_found': np.float64(25412.131950329207)}
[2025-03-16 08:34:01] {'n_estimators': 190, 'max_samples': np.float64(1.0), 'max_features': 36, 'bootstrap': False, 'random_state': 42, 'MSE_found': np.float64(645776450.2609425), 'param': 'bootstrap', 'part_name': '1.B', 'RMSE_found': np.float64(25412.131950329207)}
[2025-03-16 08:42:08] {'n_estimators': 750, 'max_features': None, 'max_depth': None, 'bootstrap': True, 'random_state': 42, 'MSE_found': np.float64(719073141.1143148), 'param': 'n_estimators', 'part_name': '2.A', 'RMSE_found': np.float64(26815.539172545363)}
[2025-03-16 08:52:08] {'n_estimators': 750, 'max_features': None, 'max_depth': 15, 'bootstrap': True, 'random_state': 42, 'MSE_found': np.float64(719984379.381923), 'param': 'max_depth', 'part_name': '2.A', 'RMSE_found': np.float64(26832.524655386474)}
[2025-03-16 09:23:51] {'n_estimators': 750, 'max_features': 24, 'max_depth': 15, 'bootstrap': True, 'random_state': 42, 'MSE_found': np.float64(668399583.5982082), 'param': 'max_features', 'part_name': '2.A', 'RMSE_found': np.float64(25853.424987769187)}
[2025-03-16 09:24:35] {'n_estimators': 750, 'max_features': 24, 'max_depth': 15, 'bootstrap': False, 'random_state': 42, 'MSE_found': np.float64(643177290.1946766), 'max_samples': None, 'param': 'bootstrap', 'part_name': '2.A', 'RMSE_found': np.float64(25360.94024666035)}
[2025-03-16 09:33:43] {'n_estimators': 660, 'max_samples': None, 'max_features': 33, 'bootstrap': False, 'random_state': 42, 'MSE_found': np.float64(656138047.7485263), 'param': 'n_estimators', 'part_name': '2.B', 'RMSE_found': np.float64(25615.191737492936)}
[2025-03-16 09:38:27] {'n_estimators': 660, 'max_samples': None, 'max_features': 33, 'bootstrap': False, 'random_state': 42, 'MSE_found': np.float64(655576612.516546), 'max_depth': 17, 'param': 'max_depth', 'part_name': '2.B', 'RMSE_found': np.float64(25604.23036368299)}
[2025-03-16 09:39:01] {'n_estimators': 660, 'max_samples': None, 'max_features': 33, 'bootstrap': False, 'random_state': 42, 'MSE_found': np.float64(656138047.7485263), 'max_depth': None, 'param': 'max_depth', 'part_name': '2.B', 'RMSE_found': np.float64(25615.191737492936)}
[2025-03-16 09:47:41] {'n_estimators': 660, 'max_samples': None, 'max_features': 15, 'bootstrap': False, 'random_state': 42, 'MSE_found': np.float64(632057735.2698596), 'max_depth': None, 'param': 'max_features', 'part_name': '2.B', 'RMSE_found': np.float64(25140.758446591455)}
[2025-03-16 09:48:11] {'n_estimators': 660, 'max_samples': None, 'max_features': 15, 'bootstrap': False, 'random_state': 42, 'MSE_found': np.float64(632057735.2698596), 'max_depth': None, 'param': 'bootstrap', 'part_name': '2.B', 'RMSE_found': np.float64(25140.758446591455)}
[2025-03-16 09:52:33] {'learning_rate': 0.1, 'n_estimators': 100, 'max_depth': 3, 'max_features': None, 'random_state': 42, 'MSE_found': np.float64(597315045.161453), 'param': 'learning_rate', 'part_name': '3.A', 'RMSE_found': np.float64(24440.029565478293)}
[2025-03-16 09:53:17] {'learning_rate': 0.1, 'n_estimators': 250, 'max_depth': 3, 'max_features': None, 'random_state': 42, 'MSE_found': np.float64(580229888.5680764), 'param': 'n_estimators', 'part_name': '3.A', 'RMSE_found': np.float64(24087.96148635406)}
[2025-03-16 09:56:29] {'learning_rate': 0.1, 'n_estimators': 250, 'max_depth': 4, 'max_features': None, 'random_state': 42, 'MSE_found': np.float64(586008558.6074643), 'param': 'max_depth', 'part_name': '3.A', 'RMSE_found': np.float64(24207.613649582734)}
[2025-03-16 10:00:47] {'learning_rate': 0.1, 'n_estimators': 250, 'max_depth': 4, 'max_features': 7, 'random_state': 42, 'MSE_found': np.float64(547369365.1162059), 'param': 'max_features', 'part_name': '3.A', 'RMSE_found': np.float64(23395.926250443812)}
[2025-03-16 10:00:54] {'learning_rate': 0.1, 'n_estimators': 250, 'max_depth': 4, 'max_features': None, 'random_state': 42, 'MSE_found': np.float64(586008558.6074643), 'param': 'max_features', 'part_name': '3.A', 'RMSE_found': np.float64(24207.613649582734)}
[2025-03-16 10:01:04] {'learning_rate': 0.1, 'n_estimators': 280, 'max_depth': 4, 'max_features': 7, 'random_state': 42, 'MSE_found': np.float64(546032820.6260108), 'param': 'n_estimators', 'part_name': '3.B', 'RMSE_found': np.float64(23367.345177105824)}
[2025-03-16 10:01:10] {'learning_rate': 0.1, 'n_estimators': 280, 'max_depth': 4, 'max_features': 7, 'random_state': 42, 'MSE_found': np.float64(546032820.6260108), 'param': 'max_depth', 'part_name': '3.B', 'RMSE_found': np.float64(23367.345177105824)}
[2025-03-16 10:01:32] {'learning_rate': 0.1, 'n_estimators': 280, 'max_depth': 4, 'max_features': 7, 'random_state': 42, 'MSE_found': np.float64(546032820.6260108), 'param': 'max_features', 'part_name': '3.B', 'RMSE_found': np.float64(23367.345177105824)}
