[2025-03-15 00:10:51] {'n_estimators': 750, 'max_features': 21, 'max_depth': None, 'bootstrap': True, 'random_state': 42, 'MSE_found': np.float64(668071666.6119558), 'max_samples': np.float64(1.0), 'param': 'max_features', 'part_name': '2.A', 'RMSE_found': np.float64(25847.08236168941)}
[2025-03-15 00:11:36] {'n_estimators': 750, 'max_features': 21, 'max_depth': None, 'bootstrap': False, 'random_state': 42, 'MSE_found': np.float64(632766853.1546824), 'max_samples': None, 'param': 'bootstrap', 'part_name': '2.A', 'RMSE_found': np.float64(25154.857446518803)}
[2025-03-15 00:28:51] {'n_estimators': 690, 'max_features': 21, 'max_depth': None, 'bootstrap': False, 'random_state': 42, 'MSE_found': np.float64(632077089.3671937), 'max_samples': None, 'param': 'n_estimators', 'part_name': '2.B', 'RMSE_found': np.float64(25141.143358391513)}
[2025-03-15 00:30:06] {'n_estimators': 690, 'max_features': 21, 'max_depth': None, 'bootstrap': True, 'random_state': 42, 'MSE_found': np.float64(666675021.7069644), 'max_samples': np.float64(1.0), 'param': 'max_samples', 'part_name': '2.B', 'RMSE_found': np.float64(25820.05076886884)}
[2025-03-15 00:34:29] {'n_estimators': 690, 'max_features': 21, 'max_depth': None, 'bootstrap': True, 'random_state': 42, 'MSE_found': np.float64(666675021.7069644), 'max_samples': np.float64(1.0), 'param': 'max_features', 'part_name': '2.B', 'RMSE_found': np.float64(25820.05076886884)}
[2025-03-15 00:35:10] {'n_estimators': 690, 'max_features': 21, 'max_depth': None, 'bootstrap': False, 'random_state': 42, 'MSE_found': np.float64(632077089.3671937), 'max_samples': None, 'param': 'bootstrap', 'part_name': '2.B', 'RMSE_found': np.float64(25141.143358391513)}
[2025-03-15 00:58:08] {'learning_rate': 0.1, 'n_estimators': 250, 'max_depth': 3, 'max_features': None, 'random_state': 42, 'MSE_found': np.float64(580229888.5680764), 'param': 'n_estimators', 'part_name': '3.A', 'RMSE_found': np.float64(24087.96148635406)}
[2025-03-15 01:07:49] {'learning_rate': 0.1, 'n_estimators': 250, 'max_depth': 3, 'max_features': None, 'random_state': 42, 'MSE_found': np.float64(580229888.5680764), 'param': 'max_depth', 'part_name': '3.A', 'RMSE_found': np.float64(24087.96148635406)}
[2025-03-15 01:11:41] {'learning_rate': 0.1, 'n_estimators': 250, 'max_depth': 3, 'max_features': None, 'random_state': 42, 'MSE_found': np.float64(580229888.5680764), 'param': 'max_features', 'part_name': '3.A', 'RMSE_found': np.float64(24087.96148635406)}
[2025-03-15 01:12:04] {'learning_rate': 0.1, 'n_estimators': 250, 'max_depth': 3, 'max_features': None, 'random_state': 42, 'MSE_found': np.float64(580229888.5680764), 'param': 'max_features', 'part_name': '3.A', 'RMSE_found': np.float64(24087.96148635406)}
[2025-03-15 01:12:39] {'learning_rate': 0.1, 'n_estimators': 250, 'max_depth': 3, 'max_features': None, 'random_state': 42, 'MSE_found': np.float64(580229888.5680764), 'param': 'min_samples_split', 'part_name': '3.A', 'RMSE_found': np.float64(24087.96148635406)}
[2025-03-15 01:22:59] {'learning_rate': 0.1, 'n_estimators': 250, 'max_depth': 3, 'max_features': None, 'random_state': 42, 'MSE_found': np.float64(580229888.5680764), 'param': 'n_estimators', 'part_name': '3.A', 'RMSE_found': np.float64(24087.96148635406)}
[2025-03-15 01:26:08] {'learning_rate': 0.1, 'n_estimators': 250, 'max_depth': 4, 'max_features': None, 'random_state': 42, 'MSE_found': np.float64(586008558.6074643), 'param': 'max_depth', 'part_name': '3.A', 'RMSE_found': np.float64(24207.613649582734)}
[2025-03-15 01:30:23] {'learning_rate': 0.1, 'n_estimators': 250, 'max_depth': 4, 'max_features': 7, 'random_state': 42, 'MSE_found': np.float64(547369365.1162059), 'param': 'max_features', 'part_name': '3.A', 'RMSE_found': np.float64(23395.926250443812)}
[2025-03-15 01:30:28] {'learning_rate': 0.1, 'n_estimators': 250, 'max_depth': 4, 'max_features': 7, 'random_state': 42, 'MSE_found': np.float64(547369365.1162059), 'min_samples_split': 2, 'param': 'min_samples_split', 'part_name': '3.A', 'RMSE_found': np.float64(23395.926250443812)}
[2025-03-15 01:30:32] {'learning_rate': 0.1, 'n_estimators': 250, 'max_depth': 4, 'max_features': 7, 'random_state': 42, 'MSE_found': np.float64(547369365.1162059), 'min_samples_split': 2, 'min_samples_leaf': 1, 'param': 'min_samples_leaf', 'part_name': '3.A', 'RMSE_found': np.float64(23395.926250443812)}
[2025-03-15 13:12:30] {'learning_rate': 0.1, 'n_estimators': 100, 'max_depth': 3, 'max_features': None, 'random_state': 42, 'MSE_found': 900000835.6678294, 'param': 'n_estimators', 'part_name': '3.B', 'RMSE_found': np.float64(30000.013927793923)}
[2025-03-15 13:12:30] {'learning_rate': 0.1, 'n_estimators': 100, 'max_depth': 3, 'max_features': None, 'random_state': 42, 'MSE_found': 900000163.4083921, 'param': 'max_depth', 'part_name': '3.B', 'RMSE_found': np.float64(30000.002723473077)}
[2025-03-15 13:12:30] {'learning_rate': 0.1, 'n_estimators': 100, 'max_depth': 3, 'max_features': None, 'random_state': 42, 'MSE_found': 900000987.4436433, 'param': 'max_features', 'part_name': '3.B', 'RMSE_found': np.float64(30000.01645738954)}
[2025-03-15 13:12:30] {'learning_rate': 0.1, 'n_estimators': 100, 'max_depth': 3, 'max_features': None, 'random_state': 42, 'MSE_found': 900000422.4816085, 'param': 'min_samples_split', 'part_name': '3.B', 'RMSE_found': np.float64(30000.007041359317)}
[2025-03-15 13:12:30] {'learning_rate': 0.1, 'n_estimators': 100, 'max_depth': 3, 'max_features': None, 'random_state': 42, 'MSE_found': 900000113.855809, 'param': 'min_samples_leaf', 'part_name': '3.B', 'RMSE_found': np.float64(30000.001897596758)}
[2025-03-15 13:37:42] defaults: {'n_estimators': 10, 'max_samples': 1.0, 'max_features': 1.0, 'bootstrap': True, 'random_state': 42, 'MSE_found': np.float64(796764493.6849439), 'RMSE_found': np.float64(28227.017087976972)}
[2025-03-15 13:37:42] {'n_estimators': 10, 'max_samples': 1.0, 'max_features': 1.0, 'bootstrap': True, 'random_state': 42, 'MSE_found': 900000412.7423962, 'param': 'n_estimators', 'part_name': '1.A', 'RMSE_found': np.float64(30000.00687903915)}
[2025-03-15 13:37:42] {'n_estimators': 10, 'max_samples': 1.0, 'max_features': 1.0, 'bootstrap': True, 'random_state': 42, 'MSE_found': 900000288.0638434, 'param': 'max_samples', 'part_name': '1.A', 'RMSE_found': np.float64(30000.00480106367)}
[2025-03-15 13:37:42] {'n_estimators': 10, 'max_samples': 1.0, 'max_features': 1.0, 'bootstrap': True, 'random_state': 42, 'MSE_found': 900000807.8806218, 'param': 'max_features', 'part_name': '1.A', 'RMSE_found': np.float64(30000.013464674008)}
[2025-03-15 13:37:42] {'n_estimators': 10, 'max_samples': 1.0, 'max_features': 1.0, 'bootstrap': True, 'random_state': 42, 'MSE_found': 900000415.6085284, 'param': 'bootstrap', 'part_name': '1.A', 'RMSE_found': np.float64(30000.006926808008)}
[2025-03-15 13:37:42] {'n_estimators': 10, 'max_samples': 1.0, 'max_features': 1.0, 'bootstrap': True, 'random_state': 42, 'MSE_found': 900000880.5514169, 'param': 'n_estimators', 'part_name': '1.B', 'RMSE_found': np.float64(30000.01467585336)}
[2025-03-15 13:37:42] {'n_estimators': 10, 'max_samples': 1.0, 'max_features': 1.0, 'bootstrap': True, 'random_state': 42, 'MSE_found': 900000811.0187038, 'param': 'max_samples', 'part_name': '1.B', 'RMSE_found': np.float64(30000.013516975352)}
[2025-03-15 13:37:42] {'n_estimators': 10, 'max_samples': 1.0, 'max_features': 1.0, 'bootstrap': True, 'random_state': 42, 'MSE_found': 900000219.6671956, 'param': 'max_features', 'part_name': '1.B', 'RMSE_found': np.float64(30000.003661119703)}
[2025-03-15 13:37:42] {'n_estimators': 10, 'max_samples': 1.0, 'max_features': 1.0, 'bootstrap': True, 'random_state': 42, 'MSE_found': 900000227.4262068, 'param': 'bootstrap', 'part_name': '1.B', 'RMSE_found': np.float64(30000.00379043654)}
[2025-03-15 13:45:48] {'n_estimators': 100, 'max_features': None, 'max_depth': None, 'bootstrap': True, 'random_state': 42, 'MSE_found': 900000882.8677709, 'param': 'n_estimators', 'part_name': '2.A', 'RMSE_found': np.float64(30000.01471445924)}
[2025-03-15 13:45:48] {'n_estimators': 100, 'max_features': None, 'max_depth': None, 'bootstrap': True, 'random_state': 42, 'MSE_found': 900000412.4507413, 'param': 'max_samples', 'part_name': '2.A', 'RMSE_found': np.float64(30000.006874178234)}
[2025-03-15 13:45:48] {'n_estimators': 100, 'max_features': None, 'max_depth': None, 'bootstrap': True, 'random_state': 42, 'MSE_found': 900000068.8705109, 'param': 'max_features', 'part_name': '2.A', 'RMSE_found': np.float64(30000.001147841827)}
[2025-03-15 13:45:48] {'n_estimators': 100, 'max_features': None, 'max_depth': None, 'bootstrap': True, 'random_state': 42, 'MSE_found': 900000885.1472244, 'max_samples': None, 'param': 'bootstrap', 'part_name': '2.A', 'RMSE_found': np.float64(30000.01475245011)}
[2025-03-15 13:45:48] {'n_estimators': 100, 'max_features': None, 'max_depth': None, 'bootstrap': True, 'random_state': 42, 'MSE_found': 900000221.2789055, 'param': 'n_estimators', 'part_name': '2.B', 'RMSE_found': np.float64(30000.00368798153)}
[2025-03-15 13:45:48] {'n_estimators': 100, 'max_features': None, 'max_depth': None, 'bootstrap': True, 'random_state': 42, 'MSE_found': 900000846.6929544, 'param': 'max_samples', 'part_name': '2.B', 'RMSE_found': np.float64(30000.014111545923)}
[2025-03-15 13:45:48] {'n_estimators': 100, 'max_features': None, 'max_depth': None, 'bootstrap': True, 'random_state': 42, 'MSE_found': 900000324.2859504, 'param': 'max_features', 'part_name': '2.B', 'RMSE_found': np.float64(30000.005404765354)}
[2025-03-15 13:45:48] {'n_estimators': 100, 'max_features': None, 'max_depth': None, 'bootstrap': True, 'random_state': 42, 'MSE_found': 900000724.4993745, 'max_samples': None, 'param': 'bootstrap', 'part_name': '2.B', 'RMSE_found': np.float64(30000.012074987146)}
[2025-03-15 13:48:50] {'learning_rate': 0.1, 'n_estimators': 100, 'max_depth': 3, 'max_features': None, 'random_state': 42, 'MSE_found': 900000448.6184167, 'param': 'n_estimators', 'part_name': '3.A', 'RMSE_found': np.float64(30000.007476972678)}
[2025-03-15 13:48:50] {'learning_rate': 0.1, 'n_estimators': 100, 'max_depth': 3, 'max_features': None, 'random_state': 42, 'MSE_found': 900000580.7741126, 'param': 'max_depth', 'part_name': '3.A', 'RMSE_found': np.float64(30000.00967956698)}
[2025-03-15 13:48:50] {'learning_rate': 0.1, 'n_estimators': 100, 'max_depth': 3, 'max_features': None, 'random_state': 42, 'MSE_found': 900000356.3302248, 'param': 'max_features', 'part_name': '3.A', 'RMSE_found': np.float64(30000.00593883649)}
[2025-03-15 13:48:50] {'learning_rate': 0.1, 'n_estimators': 100, 'max_depth': 3, 'max_features': None, 'random_state': 42, 'MSE_found': 900000524.1632639, 'param': 'min_samples_split', 'part_name': '3.A', 'RMSE_found': np.float64(30000.008736053125)}
[2025-03-15 13:48:50] {'learning_rate': 0.1, 'n_estimators': 100, 'max_depth': 3, 'max_features': None, 'random_state': 42, 'MSE_found': 900000744.294911, 'param': 'min_samples_leaf', 'part_name': '3.A', 'RMSE_found': np.float64(30000.01240491262)}
[2025-03-15 13:48:50] {'learning_rate': 0.1, 'n_estimators': 100, 'max_depth': 3, 'max_features': None, 'random_state': 42, 'MSE_found': 900000805.1982316, 'param': 'n_estimators', 'part_name': '3.B', 'RMSE_found': np.float64(30000.013419967523)}
[2025-03-15 13:48:50] {'learning_rate': 0.1, 'n_estimators': 100, 'max_depth': 3, 'max_features': None, 'random_state': 42, 'MSE_found': 900000649.2068835, 'param': 'max_depth', 'part_name': '3.B', 'RMSE_found': np.float64(30000.010820112773)}
[2025-03-15 13:48:50] {'learning_rate': 0.1, 'n_estimators': 100, 'max_depth': 3, 'max_features': None, 'random_state': 42, 'MSE_found': 900000318.9654198, 'param': 'max_features', 'part_name': '3.B', 'RMSE_found': np.float64(30000.005316089857)}
[2025-03-15 13:48:50] {'learning_rate': 0.1, 'n_estimators': 100, 'max_depth': 3, 'max_features': None, 'random_state': 42, 'MSE_found': 900000651.7380404, 'param': 'min_samples_split', 'part_name': '3.B', 'RMSE_found': np.float64(30000.010862298706)}
[2025-03-15 13:48:50] {'learning_rate': 0.1, 'n_estimators': 100, 'max_depth': 3, 'max_features': None, 'random_state': 42, 'MSE_found': 900000487.1379808, 'param': 'min_samples_leaf', 'part_name': '3.B', 'RMSE_found': np.float64(30000.00811896525)}
[2025-03-15 13:48:50] {'learning_rate': 0.1, 'n_estimators': 100, 'max_depth': 3, 'max_features': None, 'random_state': 42, 'MSE_found': 900000914.4152344, 'param': 'n_estimators', 'part_name': '3.B', 'RMSE_found': np.float64(30000.015240250035)}
[2025-03-15 13:48:50] {'learning_rate': 0.1, 'n_estimators': 100, 'max_depth': 3, 'max_features': None, 'random_state': 42, 'MSE_found': 900000839.8344978, 'param': 'max_depth', 'part_name': '3.B', 'RMSE_found': np.float64(30000.013997238366)}
[2025-03-15 13:48:50] {'learning_rate': 0.1, 'n_estimators': 100, 'max_depth': 3, 'max_features': None, 'random_state': 42, 'MSE_found': 900000862.2162246, 'param': 'max_features', 'part_name': '3.B', 'RMSE_found': np.float64(30000.014370266967)}
[2025-03-15 13:48:50] {'learning_rate': 0.1, 'n_estimators': 100, 'max_depth': 3, 'max_features': None, 'random_state': 42, 'MSE_found': 900000296.5588351, 'param': 'min_samples_split', 'part_name': '3.B', 'RMSE_found': np.float64(30000.004942646847)}
[2025-03-15 13:48:50] {'learning_rate': 0.1, 'n_estimators': 100, 'max_depth': 3, 'max_features': None, 'random_state': 42, 'MSE_found': 900000786.0693358, 'param': 'min_samples_leaf', 'part_name': '3.B', 'RMSE_found': np.float64(30000.013101152737)}
[2025-03-15 14:36:57] defaults: {'n_estimators': 10, 'max_samples': 1.0, 'max_features': 1.0, 'bootstrap': True, 'random_state': 42, 'MSE_found': np.float64(796764493.6849439), 'RMSE_found': np.float64(28227.017087976972)}
[2025-03-15 14:49:12] {'n_estimators': 101, 'max_samples': 1.0, 'max_features': 1.0, 'bootstrap': True, 'random_state': 42, 'MSE_found': np.float64(715425292.7390822), 'param': 'n_estimators', 'part_name': '1.A', 'RMSE_found': np.float64(26747.43525534892)}
[2025-03-15 14:50:05] {'n_estimators': 101, 'max_samples': np.float64(1.0), 'max_features': 1.0, 'bootstrap': True, 'random_state': 42, 'MSE_found': np.float64(715425292.7390822), 'param': 'max_samples', 'part_name': '1.A', 'RMSE_found': np.float64(26747.43525534892)}
[2025-03-15 14:55:42] {'n_estimators': 101, 'max_samples': np.float64(1.0), 'max_features': 33, 'bootstrap': True, 'random_state': 42, 'MSE_found': np.float64(682111300.977658), 'param': 'max_features', 'part_name': '1.A', 'RMSE_found': np.float64(26117.26059481848)}
[2025-03-15 14:55:52] {'n_estimators': 101, 'max_samples': np.float64(1.0), 'max_features': 33, 'bootstrap': False, 'random_state': 42, 'MSE_found': np.float64(653519987.1680886), 'param': 'bootstrap', 'part_name': '1.A', 'RMSE_found': np.float64(25564.0369888656)}
[2025-03-15 14:57:29] {'n_estimators': 190, 'max_samples': np.float64(1.0), 'max_features': 33, 'bootstrap': False, 'random_state': 42, 'MSE_found': np.float64(642002674.1663398), 'param': 'n_estimators', 'part_name': '1.B', 'RMSE_found': np.float64(25337.771689048343)}
[2025-03-15 14:58:55] {'n_estimators': 190, 'max_samples': np.float64(1.0), 'max_features': 33, 'bootstrap': False, 'random_state': 42, 'MSE_found': np.float64(642002674.1663398), 'param': 'max_samples', 'part_name': '1.B', 'RMSE_found': np.float64(25337.771689048343)}
[2025-03-15 15:05:26] {'n_estimators': 190, 'max_samples': np.float64(1.0), 'max_features': 36, 'bootstrap': False, 'random_state': 42, 'MSE_found': np.float64(645776450.2609425), 'param': 'max_features', 'part_name': '1.B', 'RMSE_found': np.float64(25412.131950329207)}
[2025-03-15 15:05:46] {'n_estimators': 190, 'max_samples': np.float64(1.0), 'max_features': 36, 'bootstrap': False, 'random_state': 42, 'MSE_found': np.float64(645776450.2609425), 'param': 'bootstrap', 'part_name': '1.B', 'RMSE_found': np.float64(25412.131950329207)}
[2025-03-15 15:21:43] {'n_estimators': 750, 'max_features': None, 'max_depth': None, 'bootstrap': True, 'random_state': 42, 'MSE_found': np.float64(719073141.1143148), 'param': 'n_estimators', 'part_name': '2.A', 'RMSE_found': np.float64(26815.539172545363)}
[2025-03-15 15:32:00] {'n_estimators': 750, 'max_features': None, 'max_depth': 15, 'bootstrap': True, 'random_state': 42, 'MSE_found': np.float64(719984379.381923), 'param': 'max_depth', 'part_name': '2.A', 'RMSE_found': np.float64(26832.524655386474)}
[2025-03-15 16:06:57] {'n_estimators': 750, 'max_features': 24, 'max_depth': 15, 'bootstrap': True, 'random_state': 42, 'MSE_found': np.float64(668399583.5982082), 'param': 'max_features', 'part_name': '2.A', 'RMSE_found': np.float64(25853.424987769187)}
[2025-03-15 16:07:44] {'n_estimators': 750, 'max_features': 24, 'max_depth': 15, 'bootstrap': False, 'random_state': 42, 'MSE_found': np.float64(643177290.1946766), 'max_samples': None, 'param': 'bootstrap', 'part_name': '2.A', 'RMSE_found': np.float64(25360.94024666035)}
[2025-03-15 17:07:25] {'n_estimators': 660, 'max_samples': None, 'max_features': 33, 'bootstrap': False, 'random_state': 42, 'MSE_found': np.float64(656138047.7485263), 'param': 'n_estimators', 'part_name': '2.B', 'RMSE_found': np.float64(25615.191737492936)}
[2025-03-15 17:14:01] {'n_estimators': 660, 'max_samples': None, 'max_features': 33, 'bootstrap': False, 'random_state': 42, 'MSE_found': np.float64(655576612.516546), 'max_depth': 17, 'param': 'max_depth', 'part_name': '2.B', 'RMSE_found': np.float64(25604.23036368299)}
[2025-03-15 17:20:07] {'n_estimators': 660, 'max_samples': None, 'max_features': 15, 'bootstrap': False, 'random_state': 42, 'MSE_found': np.float64(627005011.9130503), 'max_depth': 17, 'param': 'max_features', 'part_name': '2.B', 'RMSE_found': np.float64(25040.068129161515)}
[2025-03-15 17:20:38] {'n_estimators': 660, 'max_samples': None, 'max_features': 15, 'bootstrap': False, 'random_state': 42, 'MSE_found': np.float64(627005011.9130503), 'max_depth': 17, 'param': 'bootstrap', 'part_name': '2.B', 'RMSE_found': np.float64(25040.068129161515)}
[2025-03-15 17:39:07] {'learning_rate': 0.1, 'n_estimators': 100, 'max_depth': 3, 'max_features': None, 'random_state': 42, 'MSE_found': np.float64(597315045.161453), 'param': 'learning_rate', 'part_name': '3.A', 'RMSE_found': np.float64(24440.029565478293)}
[2025-03-15 17:39:51] {'learning_rate': 0.1, 'n_estimators': 250, 'max_depth': 3, 'max_features': None, 'random_state': 42, 'MSE_found': np.float64(580229888.5680764), 'param': 'n_estimators', 'part_name': '3.A', 'RMSE_found': np.float64(24087.96148635406)}
[2025-03-15 17:43:18] {'learning_rate': 0.1, 'n_estimators': 250, 'max_depth': 4, 'max_features': None, 'random_state': 42, 'MSE_found': np.float64(586008558.6074643), 'param': 'max_depth', 'part_name': '3.A', 'RMSE_found': np.float64(24207.613649582734)}
[2025-03-15 17:47:56] {'learning_rate': 0.1, 'n_estimators': 250, 'max_depth': 4, 'max_features': 7, 'random_state': 42, 'MSE_found': np.float64(547369365.1162059), 'param': 'max_features', 'part_name': '3.A', 'RMSE_found': np.float64(23395.926250443812)}
[2025-03-15 17:48:00] {'learning_rate': 0.1, 'n_estimators': 250, 'max_depth': 4, 'max_features': 7, 'random_state': 42, 'MSE_found': np.float64(547369365.1162059), 'min_samples_split': 2, 'param': 'min_samples_split', 'part_name': '3.A', 'RMSE_found': np.float64(23395.926250443812)}
[2025-03-15 17:48:05] {'learning_rate': 0.1, 'n_estimators': 250, 'max_depth': 4, 'max_features': 7, 'random_state': 42, 'MSE_found': np.float64(547369365.1162059), 'min_samples_split': 2, 'min_samples_leaf': 1, 'param': 'min_samples_leaf', 'part_name': '3.A', 'RMSE_found': np.float64(23395.926250443812)}
[2025-03-15 17:50:03] {'learning_rate': 0.1, 'n_estimators': 250, 'max_depth': 3, 'max_features': None, 'random_state': 42, 'MSE_found': np.float64(580229888.5680764), 'param': 'n_estimators', 'part_name': '3.B', 'RMSE_found': np.float64(24087.96148635406)}
[2025-03-15 17:53:33] {'learning_rate': 0.1, 'n_estimators': 250, 'max_depth': 4, 'max_features': None, 'random_state': 42, 'MSE_found': np.float64(586008558.6074643), 'param': 'max_depth', 'part_name': '3.B', 'RMSE_found': np.float64(24207.613649582734)}
[2025-03-15 17:58:17] {'learning_rate': 0.1, 'n_estimators': 250, 'max_depth': 4, 'max_features': 7, 'random_state': 42, 'MSE_found': np.float64(547369365.1162059), 'param': 'max_features', 'part_name': '3.B', 'RMSE_found': np.float64(23395.926250443812)}
[2025-03-15 17:58:21] {'learning_rate': 0.1, 'n_estimators': 250, 'max_depth': 4, 'max_features': 7, 'random_state': 42, 'MSE_found': np.float64(547369365.1162059), 'min_samples_split': 2, 'param': 'min_samples_split', 'part_name': '3.B', 'RMSE_found': np.float64(23395.926250443812)}
[2025-03-15 17:58:26] {'learning_rate': 0.1, 'n_estimators': 250, 'max_depth': 4, 'max_features': 7, 'random_state': 42, 'MSE_found': np.float64(547369365.1162059), 'min_samples_split': 2, 'min_samples_leaf': 1, 'param': 'min_samples_leaf', 'part_name': '3.B', 'RMSE_found': np.float64(23395.926250443812)}
[2025-03-15 17:58:33] {'learning_rate': 0.1, 'n_estimators': 100, 'max_depth': 3, 'max_features': None, 'random_state': 42, 'MSE_found': np.float64(597315045.161453), 'param': 'learning_rate', 'part_name': '3.A', 'RMSE_found': np.float64(24440.029565478293)}
[2025-03-15 18:00:37] {'learning_rate': 0.1, 'n_estimators': 250, 'max_depth': 3, 'max_features': None, 'random_state': 42, 'MSE_found': np.float64(580229888.5680764), 'param': 'n_estimators', 'part_name': '3.B', 'RMSE_found': np.float64(24087.96148635406)}
[2025-03-15 18:04:11] {'learning_rate': 0.1, 'n_estimators': 250, 'max_depth': 4, 'max_features': None, 'random_state': 42, 'MSE_found': np.float64(586008558.6074643), 'param': 'max_depth', 'part_name': '3.B', 'RMSE_found': np.float64(24207.613649582734)}
[2025-03-15 18:04:59] {'learning_rate': 0.1, 'n_estimators': 250, 'max_depth': 4, 'max_features': 7, 'random_state': 42, 'MSE_found': np.float64(547369365.1162059), 'param': 'max_features', 'part_name': '3.B', 'RMSE_found': np.float64(23395.926250443812)}
[2025-03-15 18:05:04] {'learning_rate': 0.1, 'n_estimators': 250, 'max_depth': 4, 'max_features': 7, 'random_state': 42, 'MSE_found': np.float64(547369365.1162059), 'min_samples_split': 2, 'param': 'min_samples_split', 'part_name': '3.B', 'RMSE_found': np.float64(23395.926250443812)}
[2025-03-15 18:05:08] {'learning_rate': 0.1, 'n_estimators': 250, 'max_depth': 4, 'max_features': 7, 'random_state': 42, 'MSE_found': np.float64(547369365.1162059), 'min_samples_split': 2, 'min_samples_leaf': 1, 'param': 'min_samples_leaf', 'part_name': '3.B', 'RMSE_found': np.float64(23395.926250443812)}
[2025-03-15 21:45:36] {'learning_rate': 0.1, 'n_estimators': 100, 'max_depth': 3, 'max_features': None, 'random_state': 42, 'MSE_found': np.float64(597315045.161453), 'param': 'learning_rate', 'part_name': '3.A', 'RMSE_found': np.float64(24440.029565478293)}
