[2025-03-13 11:59:26] defaults: {'n_estimators': 10, 'max_samples': 1.0, 'max_features': 1.0, 'bootstrap': True, 'random_state': 42, 'MSE_found': np.float64(810940641.5637136), 'RMSE_found': np.float64(28477.019534419567)}
[2025-03-13 12:21:19] {'n_estimators': 300, 'max_samples': 1.0, 'max_features': 1.0, 'bootstrap': True, 'random_state': 42, 'MSE_found': np.float64(717508113.6805323), 'param': 'n_estimators', 'part_name': '1.A', 'RMSE_found': np.float64(26786.341924207052)}
[2025-03-13 13:45:18] {'n_estimators': 101, 'max_samples': 1.0, 'max_features': 1.0, 'bootstrap': True, 'random_state': 42, 'MSE_found': np.float64(715425292.7390822), 'param': 'n_estimators', 'part_name': '1.A', 'RMSE_found': np.float64(26747.43525534892)}
[2025-03-13 13:46:51] {'n_estimators': 101, 'max_samples': 1.0, 'max_features': 1.0, 'bootstrap': True, 'random_state': 42, 'MSE_found': np.float64(715425292.7390822), 'param': 'n_estimators', 'part_name': '1.A', 'RMSE_found': np.float64(26747.43525534892)}
[2025-03-13 13:48:28] {'n_estimators': 101, 'max_samples': np.float64(1.0), 'max_features': 1.0, 'bootstrap': True, 'random_state': 42, 'MSE_found': np.float64(715425292.7390822), 'param': 'max_samples', 'part_name': '1.A', 'RMSE_found': np.float64(26747.43525534892)}
[2025-03-13 13:58:14] {'n_estimators': 101, 'max_samples': np.float64(1.0), 'max_features': 33, 'bootstrap': True, 'random_state': 42, 'MSE_found': np.float64(682111300.977658), 'param': 'max_features', 'part_name': '1.A', 'RMSE_found': np.float64(26117.26059481848)}
[2025-03-13 13:58:34] {'n_estimators': 101, 'max_samples': np.float64(1.0), 'max_features': 33, 'bootstrap': False, 'random_state': 42, 'MSE_found': np.float64(653519987.1680886), 'param': 'bootstrap', 'part_name': '1.A', 'RMSE_found': np.float64(25564.0369888656)}
[2025-03-13 14:10:39] {'n_estimators': 670, 'max_samples': np.float64(1.0), 'max_features': 33, 'bootstrap': False, 'random_state': 42, 'MSE_found': np.float64(635402098.4342649), 'param': 'n_estimators', 'part_name': '1.B', 'RMSE_found': np.float64(25207.183468889674)}
[2025-03-13 14:20:03] {'n_estimators': 670, 'max_samples': np.float64(1.0), 'max_features': 33, 'bootstrap': False, 'random_state': 42, 'MSE_found': np.float64(635402098.4342649), 'param': 'max_samples', 'part_name': '1.B', 'RMSE_found': np.float64(25207.183468889674)}
[2025-03-13 15:02:00] {'n_estimators': 670, 'max_samples': np.float64(1.0), 'max_features': 36, 'bootstrap': False, 'random_state': 42, 'MSE_found': np.float64(640062517.6198606), 'param': 'max_features', 'part_name': '1.B', 'RMSE_found': np.float64(25299.456864127747)}
[2025-03-13 15:04:10] {'n_estimators': 670, 'max_samples': np.float64(1.0), 'max_features': 36, 'bootstrap': False, 'random_state': 42, 'MSE_found': np.float64(640062517.6198606), 'param': 'bootstrap', 'part_name': '1.B', 'RMSE_found': np.float64(25299.456864127747)}
[2025-03-13 17:24:19] {'n_estimators': 101, 'max_samples': 1.0, 'max_features': 1.0, 'bootstrap': True, 'random_state': 42, 'MSE_found': np.float64(715425292.7390822), 'param': 'n_estimators', 'part_name': '1.A', 'RMSE_found': np.float64(26747.43525534892)}
[2025-03-13 17:56:09] {'n_estimators': 951, 'max_features': None, 'max_depth': None, 'bootstrap': True, 'random_state': 42, 'MSE_found': np.float64(718869137.4803333), 'param': 'n_estimators', 'part_name': '2.A', 'RMSE_found': np.float64(26811.735070307055)}
[2025-03-13 18:19:35] {'n_estimators': 951, 'max_features': None, 'max_depth': None, 'bootstrap': True, 'random_state': 42, 'MSE_found': np.float64(718869137.4803333), 'max_samples': np.float64(1.0), 'param': 'max_samples', 'part_name': '2.A', 'RMSE_found': np.float64(26811.735070307055)}
[2025-03-13 19:47:18] {'n_estimators': 951, 'max_features': 20, 'max_depth': None, 'bootstrap': True, 'random_state': 42, 'MSE_found': np.float64(669312180.6009156), 'max_samples': np.float64(1.0), 'param': 'max_features', 'part_name': '2.A', 'RMSE_found': np.float64(25871.068408570132)}
[2025-03-13 19:51:01] {'n_estimators': 951, 'max_features': 20, 'max_depth': None, 'bootstrap': True, 'random_state': 42, 'MSE_found': np.float64(669312180.6009156), 'max_samples': np.float64(1.0), 'param': 'bootstrap', 'part_name': '2.A', 'RMSE_found': np.float64(25871.068408570132)}
[2025-03-13 19:57:38] {'n_estimators': 951, 'max_features': 20, 'max_depth': None, 'bootstrap': False, 'random_state': 42, 'MSE_found': np.float64(630853585.2656245), 'max_samples': None, 'param': 'bootstrap', 'part_name': '2.A', 'RMSE_found': np.float64(25116.798865811394)}
[2025-03-13 21:51:59] {'n_estimators': 420, 'max_features': 20, 'max_depth': None, 'bootstrap': False, 'random_state': 42, 'MSE_found': np.float64(635026998.5767709), 'max_samples': None, 'param': 'n_estimators', 'part_name': '2.B', 'RMSE_found': np.float64(25199.742033933024)}
[2025-03-13 22:00:45] {'n_estimators': 420, 'max_features': 20, 'max_depth': None, 'bootstrap': True, 'random_state': 42, 'MSE_found': np.float64(672472462.1103133), 'max_samples': np.float64(0.925), 'param': 'max_samples', 'part_name': '2.B', 'RMSE_found': np.float64(25932.074003255377)}
[2025-03-13 22:12:18] {'n_estimators': 420, 'max_features': 20, 'max_depth': None, 'bootstrap': True, 'random_state': 42, 'MSE_found': np.float64(672472462.1103133), 'max_samples': np.float64(0.925), 'param': 'max_features', 'part_name': '2.B', 'RMSE_found': np.float64(25932.074003255377)}
[2025-03-13 22:15:40] {'n_estimators': 420, 'max_features': 20, 'max_depth': None, 'bootstrap': False, 'random_state': 42, 'MSE_found': np.float64(635026998.5767709), 'max_samples': None, 'param': 'bootstrap', 'part_name': '2.B', 'RMSE_found': np.float64(25199.742033933024)}
[2025-03-13 22:16:14] {'n_estimators': 420, 'max_features': 20, 'max_depth': None, 'bootstrap': False, 'random_state': 42, 'MSE_found': np.float64(635026998.5767709), 'max_samples': None, 'param': 'bootstrap', 'part_name': '2.B', 'RMSE_found': np.float64(25199.742033933024)}
[2025-03-13 22:32:19] {'n_estimators': 750, 'max_features': None, 'max_depth': None, 'bootstrap': True, 'random_state': 42, 'MSE_found': np.float64(719073141.1143148), 'param': 'n_estimators', 'part_name': '2.A', 'RMSE_found': np.float64(26815.539172545363)}
[2025-03-13 22:43:21] {'n_estimators': 750, 'max_features': None, 'max_depth': None, 'bootstrap': True, 'random_state': 42, 'MSE_found': np.float64(719073141.1143148), 'max_samples': np.float64(1.0), 'param': 'max_samples', 'part_name': '2.A', 'RMSE_found': np.float64(26815.539172545363)}
